<?xml version="1.0" encoding="UTF-8" ?>
<testsuite failures="0" time="0.049" errors="0" skipped="0" tests="1" name="com.ucweb.uzoneapiclientexamples.AppTest">
  <properties>
    <property name="java.runtime.name" value="Java(TM) SE Runtime Environment"/>
    <property name="sun.boot.library.path" value="/usr/lib/jvm/java-6-sun-1.6.0.22/jre/lib/i386"/>
    <property name="java.vm.version" value="17.1-b03"/>
    <property name="java.vm.vendor" value="Sun Microsystems Inc."/>
    <property name="java.vendor.url" value="http://java.sun.com/"/>
    <property name="path.separator" value=":"/>
    <property name="java.vm.name" value="Java HotSpot(TM) Server VM"/>
    <property name="file.encoding.pkg" value="sun.io"/>
    <property name="user.country" value="US"/>
    <property name="sun.java.launcher" value="SUN_STANDARD"/>
    <property name="sun.os.patch.level" value="unknown"/>
    <property name="java.vm.specification.name" value="Java Virtual Machine Specification"/>
    <property name="user.dir" value="/home/denny/NetBeansProjects/UzoneApiClientExamples"/>
    <property name="java.runtime.version" value="1.6.0_22-b04"/>
    <property name="java.awt.graphicsenv" value="sun.awt.X11GraphicsEnvironment"/>
    <property name="basedir" value="/home/denny/NetBeansProjects/UzoneApiClientExamples"/>
    <property name="java.endorsed.dirs" value="/usr/lib/jvm/java-6-sun-1.6.0.22/jre/lib/endorsed"/>
    <property name="os.arch" value="i386"/>
    <property name="surefire.real.class.path" value="/tmp/surefirebooter1499256209885157429.jar"/>
    <property name="java.io.tmpdir" value="/tmp"/>
    <property name="line.separator" value="
"/>
    <property name="java.vm.specification.vendor" value="Sun Microsystems Inc."/>
    <property name="os.name" value="Linux"/>
    <property name="sun.jnu.encoding" value="UTF-8"/>
    <property name="java.library.path" value="/usr/lib/jvm/java-6-sun-1.6.0.22/jre/lib/i386/server:/usr/lib/jvm/java-6-sun-1.6.0.22/jre/lib/i386:/usr/lib/jvm/java-6-sun-1.6.0.22/jre/../lib/i386:/usr/lib/jvm/java-6-sun-1.6.0.22/jre/lib/i386/client:/usr/lib/jvm/java-6-sun-1.6.0.22/jre/lib/i386:/usr/lib/jvm/java-6-sun-1.6.0.22/jre/../lib/i386:/usr/java/packages/lib/i386:/lib:/usr/lib"/>
    <property name="surefire.test.class.path" value="/home/denny/NetBeansProjects/UzoneApiClientExamples/target/test-classes:/home/denny/NetBeansProjects/UzoneApiClientExamples/target/classes:/home/denny/.m2/repository/junit/junit/3.8.1/junit-3.8.1.jar:/home/denny/.m2/repository/com/ucweb/UzoneApiClient/1.0-SNAPSHOT/UzoneApiClient-1.0-SNAPSHOT.jar:/home/denny/.m2/repository/commons-codec/commons-codec/1.2/commons-codec-1.2.jar:/home/denny/.m2/repository/org/bouncycastle/bcprov-jdk16/1.45/bcprov-jdk16-1.45.jar:/home/denny/.m2/repository/commons-httpclient/commons-httpclient/3.1/commons-httpclient-3.1.jar:/home/denny/.m2/repository/commons-logging/commons-logging/1.0.4/commons-logging-1.0.4.jar:/home/denny/.m2/repository/json/json/1.0/json-1.0.jar:/home/denny/.m2/repository/org/slf4j/slf4j-api/1.6.0/slf4j-api-1.6.0.jar:"/>
    <property name="java.specification.name" value="Java Platform API Specification"/>
    <property name="java.class.version" value="50.0"/>
    <property name="sun.management.compiler" value="HotSpot Tiered Compilers"/>
    <property name="os.version" value="2.6.35-22-generic"/>
    <property name="user.home" value="/home/denny"/>
    <property name="user.timezone" value=""/>
    <property name="java.awt.printerjob" value="sun.print.PSPrinterJob"/>
    <property name="file.encoding" value="UTF-8"/>
    <property name="java.specification.version" value="1.6"/>
    <property name="user.name" value="denny"/>
    <property name="java.class.path" value="/home/denny/NetBeansProjects/UzoneApiClientExamples/target/test-classes:/home/denny/NetBeansProjects/UzoneApiClientExamples/target/classes:/home/denny/.m2/repository/junit/junit/3.8.1/junit-3.8.1.jar:/home/denny/.m2/repository/com/ucweb/UzoneApiClient/1.0-SNAPSHOT/UzoneApiClient-1.0-SNAPSHOT.jar:/home/denny/.m2/repository/commons-codec/commons-codec/1.2/commons-codec-1.2.jar:/home/denny/.m2/repository/org/bouncycastle/bcprov-jdk16/1.45/bcprov-jdk16-1.45.jar:/home/denny/.m2/repository/commons-httpclient/commons-httpclient/3.1/commons-httpclient-3.1.jar:/home/denny/.m2/repository/commons-logging/commons-logging/1.0.4/commons-logging-1.0.4.jar:/home/denny/.m2/repository/json/json/1.0/json-1.0.jar:/home/denny/.m2/repository/org/slf4j/slf4j-api/1.6.0/slf4j-api-1.6.0.jar:"/>
    <property name="java.vm.specification.version" value="1.0"/>
    <property name="sun.arch.data.model" value="32"/>
    <property name="java.home" value="/usr/lib/jvm/java-6-sun-1.6.0.22/jre"/>
    <property name="java.specification.vendor" value="Sun Microsystems Inc."/>
    <property name="user.language" value="en"/>
    <property name="java.vm.info" value="mixed mode"/>
    <property name="java.version" value="1.6.0_22"/>
    <property name="java.ext.dirs" value="/usr/lib/jvm/java-6-sun-1.6.0.22/jre/lib/ext:/usr/java/packages/lib/ext"/>
    <property name="sun.boot.class.path" value="/usr/lib/jvm/java-6-sun-1.6.0.22/jre/lib/resources.jar:/usr/lib/jvm/java-6-sun-1.6.0.22/jre/lib/rt.jar:/usr/lib/jvm/java-6-sun-1.6.0.22/jre/lib/sunrsasign.jar:/usr/lib/jvm/java-6-sun-1.6.0.22/jre/lib/jsse.jar:/usr/lib/jvm/java-6-sun-1.6.0.22/jre/lib/jce.jar:/usr/lib/jvm/java-6-sun-1.6.0.22/jre/lib/charsets.jar:/usr/lib/jvm/java-6-sun-1.6.0.22/jre/classes"/>
    <property name="java.vendor" value="Sun Microsystems Inc."/>
    <property name="localRepository" value="/home/denny/.m2/repository"/>
    <property name="file.separator" value="/"/>
    <property name="java.vendor.url.bug" value="http://java.sun.com/cgi-bin/bugreport.cgi"/>
    <property name="sun.cpu.endian" value="little"/>
    <property name="sun.io.unicode.encoding" value="UnicodeLittle"/>
    <property name="sun.desktop" value="gnome"/>
    <property name="sun.cpu.isalist" value=""/>
  </properties>
  <testcase time="0.003" classname="com.ucweb.uzoneapiclientexamples.AppTest" name="testApp"/>
</testsuite>